<?xml version="1.0" encoding="UTF-8"?>
<!-- Generated by org.testng.reporters.JUnitReportReporter -->
<testsuite hostname="DESKTOP-UA1CCT0" failures="0" tests="1" name="Test" time="0.014" errors="0" timestamp="2022-04-05T12:23:00 IST" skipped="0">
  <testcase classname="Test" name="display" time="0.014"/>
  <system-out/>
</testsuite> <!-- Test -->
