<?xml version="1.0" encoding="UTF-8"?>
<!-- Generated by org.testng.reporters.JUnitReportReporter -->
<testsuite hostname="DESKTOP-UA1CCT0" failures="0" tests="1" name="TestCases.DashBoardPageTest" time="18.992" errors="0" timestamp="2022-04-14T15:57:33 IST" skipped="0">
  <testcase classname="TestCases.DashBoardPageTest" name="verifyNicknameTest" time="18.992"/>
  <system-out/>
</testsuite> <!-- TestCases.DashBoardPageTest -->
