<?xml version="1.0" encoding="UTF-8"?>
<!-- Generated by org.testng.reporters.JUnitReportReporter -->
<testsuite hostname="DESKTOP-UA1CCT0" failures="0" tests="1" name="Display" time="0.011" errors="0" timestamp="2022-04-07T12:00:47 IST" skipped="0">
  <testcase classname="Display" name="display" time="0.011"/>
  <system-out/>
</testsuite> <!-- Display -->
