<?xml version="1.0" encoding="UTF-8"?>
<!-- Generated by org.testng.reporters.JUnitReportReporter -->
<testsuite hostname="DESKTOP-UA1CCT0" failures="0" tests="3" name="TestCases.PriorityTest1" time="0.030" errors="0" timestamp="2022-04-18T21:07:26 IST" skipped="0">
  <testcase classname="TestCases.PriorityTest1" name="method2" time="0.015"/>
  <system-out/>
  <testcase classname="TestCases.PriorityTest1" name="method5" time="0.008"/>
  <system-out/>
  <testcase classname="TestCases.PriorityTest1" name="method4" time="0.007"/>
  <system-out/>
</testsuite> <!-- TestCases.PriorityTest1 -->
