<?xml version="1.0" encoding="UTF-8"?>
<!-- Generated by org.testng.reporters.JUnitReportReporter -->
<testsuite hostname="DESKTOP-UA1CCT0" failures="0" tests="6" name="TestCases.GroupTest" time="0.030" errors="0" timestamp="2022-04-15T13:08:03 IST" skipped="0">
  <testcase classname="TestCases.GroupTest" name="method1" time="0.007"/>
  <system-out/>
  <testcase classname="TestCases.GroupTest" name="method3" time="0.004"/>
  <system-out/>
  <testcase classname="TestCases.GroupTest" name="method5" time="0.003"/>
  <system-out/>
  <testcase classname="TestCases.GroupTest" name="method6" time="0.004"/>
  <system-out/>
  <testcase classname="TestCases.GroupTest" name="method2" time="0.006"/>
  <system-out/>
  <testcase classname="TestCases.GroupTest" name="method4" time="0.006"/>
  <system-out/>
</testsuite> <!-- TestCases.GroupTest -->
